<?xml version="1.0" encoding="UTF-8"?>
<coverage generated="1747136696197" clover="3.2.0">
  <project timestamp="1747136696197" name="All files">
    <metrics statements="38" coveredstatements="33" conditionals="17" coveredconditionals="10" methods="7" coveredmethods="4" elements="62" coveredelements="47" complexity="0" loc="38" ncloc="38" packages="1" files="1" classes="1"/>
    <file name="ManageFormData.tsx" path="C:\Users\smile\OneDrive\個人保存庫\文件\GitHub\blogProject\client\components\ManageFormData.tsx">
      <metrics statements="38" coveredstatements="33" conditionals="17" coveredconditionals="10" methods="7" coveredmethods="4"/>
      <line num="1" count="1" type="stmt"/>
      <line num="5" count="1" type="stmt"/>
      <line num="6" count="15" type="cond" truecount="5" falsecount="1"/>
      <line num="8" count="5" type="cond" truecount="1" falsecount="0"/>
      <line num="9" count="4" type="cond" truecount="1" falsecount="0"/>
      <line num="10" count="3" type="stmt"/>
      <line num="13" count="5" type="cond" truecount="0" falsecount="1"/>
      <line num="14" count="5" type="cond" truecount="1" falsecount="0"/>
      <line num="15" count="4" type="stmt"/>
      <line num="20" count="5" type="cond" truecount="0" falsecount="1"/>
      <line num="21" count="5" type="cond" truecount="0" falsecount="1"/>
      <line num="22" count="5" type="cond" truecount="0" falsecount="1"/>
      <line num="23" count="5" type="cond" truecount="0" falsecount="1"/>
      <line num="24" count="5" type="cond" truecount="0" falsecount="1"/>
      <line num="25" count="5" type="cond" truecount="1" falsecount="0"/>
      <line num="26" count="1" type="stmt"/>
      <line num="27" count="4" type="stmt"/>
      <line num="30" count="0" type="stmt"/>
      <line num="34" count="1" type="stmt"/>
      <line num="35" count="15" type="stmt"/>
      <line num="36" count="15" type="stmt"/>
      <line num="37" count="15" type="stmt"/>
      <line num="38" count="0" type="stmt"/>
      <line num="39" count="0" type="stmt"/>
      <line num="45" count="0" type="stmt"/>
      <line num="46" count="0" type="stmt"/>
      <line num="52" count="15" type="stmt"/>
      <line num="53" count="5" type="stmt"/>
      <line num="54" count="5" type="stmt"/>
      <line num="57" count="5" type="stmt"/>
      <line num="58" count="15" type="stmt"/>
      <line num="59" count="15" type="stmt"/>
      <line num="60" count="15" type="cond" truecount="1" falsecount="0"/>
      <line num="61" count="4" type="stmt"/>
      <line num="65" count="5" type="stmt"/>
      <line num="66" count="5" type="stmt"/>
      <line num="70" count="15" type="stmt"/>
      <line num="73" count="1" type="stmt"/>
    </file>
  </project>
</coverage>
