{"C:\\Users\\smile\\OneDrive\\個人保存庫\\文件\\GitHub\\blogProject\\client\\components\\ManageFormData.tsx": {"path":"C:\\Users\\smile\\OneDrive\\個人保存庫\\文件\\GitHub\\blogProject\\client\\components\\ManageFormData.tsx","statementMap":{"0":{"start":{"line":1,"column":0},"end":{"line":1,"column":33}},"1":{"start":{"line":5,"column":29},"end":{"line":32,"column":3}},"2":{"start":{"line":6,"column":4},"end":{"line":31,"column":5}},"3":{"start":{"line":8,"column":8},"end":{"line":8,"column":37}},"4":{"start":{"line":8,"column":20},"end":{"line":8,"column":37}},"5":{"start":{"line":9,"column":8},"end":{"line":9,"column":51}},"6":{"start":{"line":9,"column":30},"end":{"line":9,"column":51}},"7":{"start":{"line":10,"column":8},"end":{"line":10,"column":18}},"8":{"start":{"line":13,"column":8},"end":{"line":13,"column":38}},"9":{"start":{"line":13,"column":20},"end":{"line":13,"column":38}},"10":{"start":{"line":14,"column":8},"end":{"line":14,"column":56}},"11":{"start":{"line":14,"column":34},"end":{"line":14,"column":56}},"12":{"start":{"line":15,"column":8},"end":{"line":15,"column":18}},"13":{"start":{"line":20,"column":8},"end":{"line":20,"column":36}},"14":{"start":{"line":20,"column":20},"end":{"line":20,"column":36}},"15":{"start":{"line":21,"column":8},"end":{"line":21,"column":50}},"16":{"start":{"line":21,"column":30},"end":{"line":21,"column":50}},"17":{"start":{"line":22,"column":8},"end":{"line":22,"column":58}},"18":{"start":{"line":22,"column":34},"end":{"line":22,"column":58}},"19":{"start":{"line":23,"column":8},"end":{"line":23,"column":58}},"20":{"start":{"line":23,"column":34},"end":{"line":23,"column":58}},"21":{"start":{"line":24,"column":8},"end":{"line":24,"column":56}},"22":{"start":{"line":24,"column":34},"end":{"line":24,"column":56}},"23":{"start":{"line":25,"column":8},"end":{"line":26,"column":34}},"24":{"start":{"line":26,"column":10},"end":{"line":26,"column":34}},"25":{"start":{"line":27,"column":8},"end":{"line":27,"column":18}},"26":{"start":{"line":30,"column":8},"end":{"line":30,"column":18}},"27":{"start":{"line":5,"column":13},"end":{"line":5,"column":29}},"28":{"start":{"line":34,"column":23},"end":{"line":71,"column":1}},"29":{"start":{"line":35,"column":36},"end":{"line":35,"column":73}},"30":{"start":{"line":36,"column":32},"end":{"line":36,"column":69}},"31":{"start":{"line":37,"column":26},"end":{"line":50,"column":5}},"32":{"start":{"line":38,"column":30},"end":{"line":38,"column":42}},"33":{"start":{"line":39,"column":8},"end":{"line":43,"column":12}},"34":{"start":{"line":39,"column":29},"end":{"line":43,"column":10}},"35":{"start":{"line":45,"column":29},"end":{"line":45,"column":55}},"36":{"start":{"line":46,"column":8},"end":{"line":49,"column":12}},"37":{"start":{"line":46,"column":27},"end":{"line":49,"column":10}},"38":{"start":{"line":52,"column":24},"end":{"line":67,"column":5}},"39":{"start":{"line":53,"column":51},"end":{"line":53,"column":53}},"40":{"start":{"line":54,"column":22},"end":{"line":54,"column":26}},"41":{"start":{"line":57,"column":8},"end":{"line":63,"column":11}},"42":{"start":{"line":58,"column":33},"end":{"line":58,"column":59}},"43":{"start":{"line":59,"column":12},"end":{"line":59,"column":43}},"44":{"start":{"line":60,"column":12},"end":{"line":62,"column":13}},"45":{"start":{"line":61,"column":16},"end":{"line":61,"column":32}},"46":{"start":{"line":65,"column":8},"end":{"line":65,"column":29}},"47":{"start":{"line":66,"column":8},"end":{"line":66,"column":23}},"48":{"start":{"line":70,"column":4},"end":{"line":70,"column":82}},"49":{"start":{"line":73,"column":0},"end":{"line":73,"column":30}}},"fnMap":{"0":{"name":"(anonymous_0)","decl":{"start":{"line":5,"column":29},"end":{"line":5,"column":30}},"loc":{"start":{"line":5,"column":69},"end":{"line":32,"column":3}}},"1":{"name":"(anonymous_1)","decl":{"start":{"line":34,"column":23},"end":{"line":34,"column":26}},"loc":{"start":{"line":34,"column":28},"end":{"line":71,"column":1}}},"2":{"name":"(anonymous_2)","decl":{"start":{"line":37,"column":26},"end":{"line":37,"column":27}},"loc":{"start":{"line":37,"column":73},"end":{"line":50,"column":5}}},"3":{"name":"(anonymous_3)","decl":{"start":{"line":39,"column":20},"end":{"line":39,"column":24}},"loc":{"start":{"line":39,"column":29},"end":{"line":43,"column":10}}},"4":{"name":"(anonymous_4)","decl":{"start":{"line":46,"column":18},"end":{"line":46,"column":22}},"loc":{"start":{"line":46,"column":27},"end":{"line":49,"column":10}}},"5":{"name":"(anonymous_5)","decl":{"start":{"line":52,"column":24},"end":{"line":52,"column":36}},"loc":{"start":{"line":52,"column":38},"end":{"line":67,"column":5}}},"6":{"name":"(anonymous_6)","decl":{"start":{"line":57,"column":41},"end":{"line":57,"column":42}},"loc":{"start":{"line":57,"column":59},"end":{"line":63,"column":9}}}},"branchMap":{"0":{"loc":{"start":{"line":6,"column":4},"end":{"line":31,"column":5}},"type":"switch","locations":[{"start":{"line":7,"column":6},"end":{"line":10,"column":18}},{"start":{"line":12,"column":6},"end":{"line":15,"column":18}},{"start":{"line":17,"column":6},"end":{"line":17,"column":22}},{"start":{"line":18,"column":6},"end":{"line":18,"column":25}},{"start":{"line":19,"column":6},"end":{"line":27,"column":18}},{"start":{"line":29,"column":6},"end":{"line":30,"column":18}}]},"1":{"loc":{"start":{"line":8,"column":8},"end":{"line":8,"column":37}},"type":"if","locations":[{"start":{"line":8,"column":8},"end":{"line":8,"column":37}}]},"2":{"loc":{"start":{"line":9,"column":8},"end":{"line":9,"column":51}},"type":"if","locations":[{"start":{"line":9,"column":8},"end":{"line":9,"column":51}}]},"3":{"loc":{"start":{"line":13,"column":8},"end":{"line":13,"column":38}},"type":"if","locations":[{"start":{"line":13,"column":8},"end":{"line":13,"column":38}}]},"4":{"loc":{"start":{"line":14,"column":8},"end":{"line":14,"column":56}},"type":"if","locations":[{"start":{"line":14,"column":8},"end":{"line":14,"column":56}}]},"5":{"loc":{"start":{"line":20,"column":8},"end":{"line":20,"column":36}},"type":"if","locations":[{"start":{"line":20,"column":8},"end":{"line":20,"column":36}}]},"6":{"loc":{"start":{"line":21,"column":8},"end":{"line":21,"column":50}},"type":"if","locations":[{"start":{"line":21,"column":8},"end":{"line":21,"column":50}}]},"7":{"loc":{"start":{"line":22,"column":8},"end":{"line":22,"column":58}},"type":"if","locations":[{"start":{"line":22,"column":8},"end":{"line":22,"column":58}}]},"8":{"loc":{"start":{"line":23,"column":8},"end":{"line":23,"column":58}},"type":"if","locations":[{"start":{"line":23,"column":8},"end":{"line":23,"column":58}}]},"9":{"loc":{"start":{"line":24,"column":8},"end":{"line":24,"column":56}},"type":"if","locations":[{"start":{"line":24,"column":8},"end":{"line":24,"column":56}}]},"10":{"loc":{"start":{"line":25,"column":8},"end":{"line":26,"column":34}},"type":"if","locations":[{"start":{"line":25,"column":8},"end":{"line":26,"column":34}}]},"11":{"loc":{"start":{"line":60,"column":12},"end":{"line":62,"column":13}},"type":"if","locations":[{"start":{"line":60,"column":12},"end":{"line":62,"column":13}}]}},"s":{"0":1,"1":1,"2":15,"3":5,"4":1,"5":4,"6":1,"7":3,"8":5,"9":0,"10":5,"11":1,"12":4,"13":5,"14":0,"15":5,"16":0,"17":5,"18":0,"19":5,"20":0,"21":5,"22":0,"23":5,"24":1,"25":4,"26":0,"27":1,"28":1,"29":15,"30":15,"31":15,"32":0,"33":0,"34":0,"35":0,"36":0,"37":0,"38":15,"39":5,"40":5,"41":5,"42":15,"43":15,"44":15,"45":4,"46":5,"47":5,"48":15,"49":1},"f":{"0":15,"1":15,"2":0,"3":0,"4":0,"5":5,"6":15},"b":{"0":[5,5,5,5,5,0],"1":[1],"2":[1],"3":[0],"4":[1],"5":[0],"6":[0],"7":[0],"8":[0],"9":[0],"10":[1],"11":[4]}}
}
