TN:
SF:components\ManageFormData.tsx
FN:5,(anonymous_0)
FN:34,(anonymous_1)
FN:37,(anonymous_2)
FN:39,(anonymous_3)
FN:46,(anonymous_4)
FN:52,(anonymous_5)
FN:57,(anonymous_6)
FNF:7
FNH:4
FNDA:15,(anonymous_0)
FNDA:15,(anonymous_1)
FNDA:0,(anonymous_2)
FNDA:0,(anonymous_3)
FNDA:0,(anonymous_4)
FNDA:5,(anonymous_5)
FNDA:15,(anonymous_6)
DA:1,1
DA:5,1
DA:6,15
DA:8,5
DA:9,4
DA:10,3
DA:13,5
DA:14,5
DA:15,4
DA:20,5
DA:21,5
DA:22,5
DA:23,5
DA:24,5
DA:25,5
DA:26,1
DA:27,4
DA:30,0
DA:34,1
DA:35,15
DA:36,15
DA:37,15
DA:38,0
DA:39,0
DA:45,0
DA:46,0
DA:52,15
DA:53,5
DA:54,5
DA:57,5
DA:58,15
DA:59,15
DA:60,15
DA:61,4
DA:65,5
DA:66,5
DA:70,15
DA:73,1
LF:38
LH:33
BRDA:6,0,0,5
BRDA:6,0,1,5
BRDA:6,0,2,5
BRDA:6,0,3,5
BRDA:6,0,4,5
BRDA:6,0,5,0
BRDA:8,1,0,1
BRDA:9,2,0,1
BRDA:13,3,0,0
BRDA:14,4,0,1
BRDA:20,5,0,0
BRDA:21,6,0,0
BRDA:22,7,0,0
BRDA:23,8,0,0
BRDA:24,9,0,0
BRDA:25,10,0,1
BRDA:60,11,0,4
BRF:17
BRH:10
end_of_record
